<?xml version="1.0" encoding="UTF-8"?>
<!-- Generated by org.testng.reporters.JUnitXMLReporter -->
<testsuite ignored="7" hostname="IN-PG02NMDP" failures="1" tests="1" name="HomePageTest(failed)" time="12.678" errors="0" timestamp="2024-04-19T22:23:14 IST">
  <testcase classname="testCases.HomePageTest" name="homePageTitleTest" time="0.599">
    <failure type="java.lang.AssertionError" message="expected [homePageTitleTest_HomePage title mismatch] but found [true]">
      <![CDATA[java.lang.AssertionError: expected [homePageTitleTest_HomePage title mismatch] but found [true]
at testCases.HomePageTest.homePageTitleTest(HomePageTest.java:50)
at java.base/java.util.ArrayList.forEach(ArrayList.java:1540)
at java.base/java.util.concurrent.Executors$RunnableAdapter.call(Executors.java:515)
at java.base/java.util.concurrent.FutureTask.run(FutureTask.java:264)
at java.base/java.util.concurrent.ThreadPoolExecutor.runWorker(ThreadPoolExecutor.java:1128)
at java.base/java.util.concurrent.ThreadPoolExecutor$Worker.run(ThreadPoolExecutor.java:628)
at java.base/java.lang.Thread.run(Thread.java:834)
... Removed 26 stack frames]]>
    </failure>
  </testcase> <!-- homePageTitleTest -->
  <testcase classname="testCases.HomePageTest" name="instagramPageNavigationTest" time="0.0">
    <ignored/>
  </testcase> <!-- instagramPageNavigationTest -->
  <testcase classname="testCases.HomePageTest" name="facebookPageNavigationTest" time="0.0">
    <ignored/>
  </testcase> <!-- facebookPageNavigationTest -->
  <testcase classname="testCases.HomePageTest" name="linkedInPageNavigationTest" time="0.0">
    <ignored/>
  </testcase> <!-- linkedInPageNavigationTest -->
  <testcase classname="testCases.HomePageTest" name="trainTicketsPageNavigationtTest" time="0.0">
    <ignored/>
  </testcase> <!-- trainTicketsPageNavigationtTest -->
  <testcase classname="testCases.HomePageTest" name="twitterPageNavigationTest" time="0.0">
    <ignored/>
  </testcase> <!-- twitterPageNavigationTest -->
  <testcase classname="testCases.HomePageTest" name="busSearchResultTest" time="0.0">
    <ignored/>
  </testcase> <!-- busSearchResultTest -->
  <testcase classname="testCases.HomePageTest" name="busTicketPageNavigationTest" time="0.0">
    <ignored/>
  </testcase> <!-- busTicketPageNavigationTest -->
</testsuite> <!-- HomePageTest(failed) -->
