<?xml version="1.0" encoding="UTF-8"?>
<!-- Generated by org.testng.reporters.JUnitXMLReporter -->
<testsuite ignored="0" hostname="IN-PG02NMDP" failures="2" tests="8" name="HomePageTest" time="98.316" errors="0" timestamp="2024-07-29T18:42:41 IST">
  <testcase classname="testCases.HomePageTest" name="HomePage_homePageTitleTest" time="0.192">
    <failure type="java.lang.AssertionError" message="homePageTitleTest_HomePage title mismatch expected [Book Bus Tickets Online, Easy &amp;amp; Secure Booking, Top Operators - redBus] but found [Bus Ticket Booking Online made Easy, Secure with Top Bus Operators - redBus]">
      <![CDATA[java.lang.AssertionError: homePageTitleTest_HomePage title mismatch expected [Book Bus Tickets Online, Easy & Secure Booking, Top Operators - redBus] but found [Bus Ticket Booking Online made Easy, Secure with Top Bus Operators - redBus]
at testCases.HomePageTest.HomePage_homePageTitleTest(HomePageTest.java:29)
at java.base/java.util.ArrayList.forEach(ArrayList.java:1511)
... Removed 32 stack frames]]>
    </failure>
  </testcase> <!-- HomePage_homePageTitleTest -->
  <testcase classname="testCases.HomePageTest" name="HomePage_busTicketPageNavigationTest" time="0.836"/>
  <testcase classname="testCases.HomePageTest" name="HomePage_trainTicketsPageNavigationtTest" time="3.75"/>
  <testcase classname="testCases.HomePageTest" name="HomePage_busSearchResultTest" time="73.236"/>
  <testcase classname="testCases.HomePageTest" name="HomePage_facebookPageNavigationTest" time="2.637"/>
  <testcase classname="testCases.HomePageTest" name="HomePage_linkedInPageNavigationTest" time="3.431"/>
  <testcase classname="testCases.HomePageTest" name="HomePage_twitterPageNavigationTest" time="6.017">
    <failure type="java.lang.AssertionError" message="twitterPageNavigationTest_Twitter page navigation failed expected [https://twitter.com/redBus_in/] but found [https://x.com/redBus_in/?mx=2]">
      <![CDATA[java.lang.AssertionError: twitterPageNavigationTest_Twitter page navigation failed expected [https://twitter.com/redBus_in/] but found [https://x.com/redBus_in/?mx=2]
at testCases.HomePageTest.HomePage_twitterPageNavigationTest(HomePageTest.java:151)
at java.base/java.util.ArrayList.forEach(ArrayList.java:1511)
... Removed 32 stack frames]]>
    </failure>
  </testcase> <!-- HomePage_twitterPageNavigationTest -->
  <testcase classname="testCases.HomePageTest" name="HomePage_instagramPageNavigationTest" time="2.386"/>
</testsuite> <!-- HomePageTest -->
