<!DOCTYPE html PUBLIC "-//W3C//DTD XHTML 1.1//EN" "https://www.w3.org/TR/xhtml11/DTD/xhtml11.dtd">
<html xmlns="https://www.w3.org/1999/xhtml">
<head>
<meta http-equiv="content-type" content="text/html; charset=UTF-8"/>
<title>TestNG Report</title>
<style type="text/css">table {margin-bottom:10px;border-collapse:collapse;empty-cells:show}th,td {border:1px solid #009;padding:.25em .5em}th {vertical-align:bottom}td {vertical-align:top}table a {font-weight:bold}.stripe td {background-color: #E6EBF9}.num {text-align:right}.passedodd td {background-color: #3F3}.passedeven td {background-color: #0A0}.skippedodd td {background-color: #DDD}.skippedeven td {background-color: #CCC}.failedodd td,.attn {background-color: #F33}.failedeven td,.stripe .attn {background-color: #D00}.stacktrace {white-space:pre;font-family:monospace}.totop {font-size:85%;text-align:center;border-bottom:2px solid #000}.invisible {display:none}</style>
</head>
<body>
<table>
<tr><th>Test</th><th># Passed</th><th># Skipped</th><th># Retried</th><th># Failed</th><th>Time (ms)</th><th>Included Groups</th><th>Excluded Groups</th></tr>
<tr><th colspan="8">Suite</th></tr>
<tr><td><a href="#t0">HomePageTest</a></td><td class="num">8</td><td class="num">0</td><td class="num">0</td><td class="num">0</td><td class="num">53,248</td><td></td><td></td></tr>
<tr class="stripe"><td><a href="#t1">TrainTicketsTest</a></td><td class="num">1</td><td class="num">0</td><td class="num">0</td><td class="num attn">2</td><td class="num">60,897</td><td></td><td></td></tr>
<tr><td><a href="#t2">HelpPageTest</a></td><td class="num">1</td><td class="num">0</td><td class="num">0</td><td class="num">0</td><td class="num">10,140</td><td></td><td></td></tr>
<tr class="stripe"><td><a href="#t3">ShowMyTicketTest</a></td><td class="num">1</td><td class="num">0</td><td class="num">0</td><td class="num">0</td><td class="num">12,264</td><td></td><td></td></tr>
<tr><td><a href="#t4">CancelTicketTest</a></td><td class="num">2</td><td class="num">0</td><td class="num">0</td><td class="num">0</td><td class="num">15,452</td><td></td><td></td></tr>
<tr><th>Total</th><th class="num">13</th><th class="num">0</th><th class="num">0</th><th class="num attn">2</th><th class="num">152,001</th><th colspan="2"></th></tr>
</table>
<table id='summary'><thead><tr><th>Class</th><th>Method</th><th>Start</th><th>Time (ms)</th></tr></thead><tbody><tr><th colspan="4">Suite</th></tr></tbody><tbody id="t0"><tr><th colspan="4">HomePageTest &#8212; passed</th></tr><tr class="passedeven"><td rowspan="8">testCases.HomePageTest</td><td><a href="#m0">HomePage_busSearchResultTest</a></td><td rowspan="1">1713702338991</td><td rowspan="1">15845</td></tr><tr class="passedeven"><td><a href="#m1">HomePage_busTicketPageNavigationTest</a></td><td rowspan="1">1713702331967</td><td rowspan="1">2121</td></tr><tr class="passedeven"><td><a href="#m2">HomePage_facebookPageNavigationTest</a></td><td rowspan="1">1713702356221</td><td rowspan="1">2611</td></tr><tr class="passedeven"><td><a href="#m3">HomePage_homePageTitleTest</a></td><td rowspan="1">1713702328622</td><td rowspan="1">731</td></tr><tr class="passedeven"><td><a href="#m4">HomePage_instagramPageNavigationTest</a></td><td rowspan="1">1713702368624</td><td rowspan="1">1955</td></tr><tr class="passedeven"><td><a href="#m5">HomePage_linkedInPageNavigationTest</a></td><td rowspan="1">1713702360648</td><td rowspan="1">2634</td></tr><tr class="passedeven"><td><a href="#m6">HomePage_trainTicketsPageNavigationtTest</a></td><td rowspan="1">1713702335706</td><td rowspan="1">2497</td></tr><tr class="passedeven"><td><a href="#m7">HomePage_twitterPageNavigationTest</a></td><td rowspan="1">1713702364420</td><td rowspan="1">3143</td></tr></tbody>
<tbody id="t1"><tr><th colspan="4">TrainTicketsTest &#8212; failed</th></tr><tr class="failedeven"><td rowspan="2">testCases.TrainTicketsPageTest</td><td><a href="#m8">TrainTicketPage_errorMessageOnIncorrectPNR</a></td><td rowspan="1">1713702391150</td><td rowspan="1">9628</td></tr><tr class="failedeven"><td><a href="#m9">TrainTicketPage_liveTrainStatusTest</a></td><td rowspan="1">1713702401526</td><td rowspan="1">30357</td></tr><tr><th colspan="4">TrainTicketsTest &#8212; passed</th></tr><tr class="passedeven"><td rowspan="1">testCases.TrainTicketsPageTest</td><td><a href="#m10">TrainTicketPage_searchTrainResultTest</a></td><td rowspan="1">1713702380131</td><td rowspan="1">9472</td></tr></tbody>
<tbody id="t2"><tr><th colspan="4">HelpPageTest &#8212; passed</th></tr><tr class="passedeven"><td rowspan="1">testCases.HelpPageTest</td><td><a href="#m11">HelpPage_helpPageNavigationTest</a></td><td rowspan="1">1713702439338</td><td rowspan="1">3140</td></tr></tbody>
<tbody id="t3"><tr><th colspan="4">ShowMyTicketTest &#8212; passed</th></tr><tr class="passedeven"><td rowspan="1">testCases.ShowMyTicketPageTest</td><td><a href="#m12">ShowMyTicketPage_errorMessageOnInvalidTicketTest</a></td><td rowspan="1">1713702449960</td><td rowspan="1">4206</td></tr></tbody>
<tbody id="t4"><tr><th colspan="4">CancelTicketTest &#8212; passed</th></tr><tr class="passedeven"><td rowspan="2">testCases.CancelTicketPageTest</td><td><a href="#m13">CancelTicketPage_errorMsgOnInvalidTicketNumberTest</a></td><td rowspan="1">1713702467087</td><td rowspan="1">2862</td></tr><tr class="passedeven"><td><a href="#m14">CancelTicketPage_pageNavigationTest</a></td><td rowspan="1">1713702463143</td><td rowspan="1">2212</td></tr></tbody>
</table>
<h2>HomePageTest</h2><h3 id="m0">testCases.HomePageTest#HomePage_busSearchResultTest</h3><table class="result"><tr><th class="invisible"/></tr></table><p class="totop"><a href="#summary">back to summary</a></p>
<h3 id="m1">testCases.HomePageTest#HomePage_busTicketPageNavigationTest</h3><table class="result"><tr><th class="invisible"/></tr></table><p class="totop"><a href="#summary">back to summary</a></p>
<h3 id="m2">testCases.HomePageTest#HomePage_facebookPageNavigationTest</h3><table class="result"><tr><th class="invisible"/></tr></table><p class="totop"><a href="#summary">back to summary</a></p>
<h3 id="m3">testCases.HomePageTest#HomePage_homePageTitleTest</h3><table class="result"><tr><th class="invisible"/></tr></table><p class="totop"><a href="#summary">back to summary</a></p>
<h3 id="m4">testCases.HomePageTest#HomePage_instagramPageNavigationTest</h3><table class="result"><tr><th class="invisible"/></tr></table><p class="totop"><a href="#summary">back to summary</a></p>
<h3 id="m5">testCases.HomePageTest#HomePage_linkedInPageNavigationTest</h3><table class="result"><tr><th class="invisible"/></tr></table><p class="totop"><a href="#summary">back to summary</a></p>
<h3 id="m6">testCases.HomePageTest#HomePage_trainTicketsPageNavigationtTest</h3><table class="result"><tr><th class="invisible"/></tr></table><p class="totop"><a href="#summary">back to summary</a></p>
<h3 id="m7">testCases.HomePageTest#HomePage_twitterPageNavigationTest</h3><table class="result"><tr><th class="invisible"/></tr></table><p class="totop"><a href="#summary">back to summary</a></p>
<h2>TrainTicketsTest</h2><h3 id="m8">testCases.TrainTicketsPageTest#TrainTicketPage_errorMessageOnIncorrectPNR</h3><table class="result"><tr><th>Exception</th></tr><tr><td><div class="stacktrace">java.lang.AssertionError: The following asserts failed:
	errorMessageOnIncorrectPNR_PNR number is incorrect expected [8849110215] but found [PNR: 8849110215]
	at testCases.TrainTicketsPageTest.TrainTicketPage_errorMessageOnIncorrectPNR(TrainTicketsPageTest.java:85)
	at java.base/java.util.ArrayList.forEach(ArrayList.java:1540)
	at java.base/java.util.concurrent.Executors$RunnableAdapter.call(Executors.java:515)
	at java.base/java.util.concurrent.FutureTask.run(FutureTask.java:264)
	at java.base/java.util.concurrent.ThreadPoolExecutor.runWorker(ThreadPoolExecutor.java:1128)
	at java.base/java.util.concurrent.ThreadPoolExecutor$Worker.run(ThreadPoolExecutor.java:628)
	at java.base/java.lang.Thread.run(Thread.java:834)
... Removed 23 stack frames</div></td></tr></table><p class="totop"><a href="#summary">back to summary</a></p>
<h3 id="m9">testCases.TrainTicketsPageTest#TrainTicketPage_liveTrainStatusTest</h3><table class="result"><tr><th>Exception</th></tr><tr><td><div class="stacktrace">org.openqa.selenium.NoSuchElementException: no such element: Unable to locate element: {&quot;method&quot;:&quot;xpath&quot;,&quot;selector&quot;:&quot;//div[@class=&apos;lts_running_status_wrap&apos;]/div//div[2]&quot;}
  (Session info: chrome=123.0.6312.124)
For documentation on this error, please visit: https://www.selenium.dev/documentation/webdriver/troubleshooting/errors#no-such-element-exception
Build info: version: &apos;4.18.1&apos;, revision: &apos;b1d3319b48&apos;
System info: os.name: &apos;Windows 10&apos;, os.arch: &apos;amd64&apos;, os.version: &apos;10.0&apos;, java.version: &apos;11&apos;
Driver info: org.openqa.selenium.chrome.ChromeDriver
Command: [4c2e32acd2176354df3ec3768754b069, findElement {value=//div[@class=&apos;lts_running_status_wrap&apos;]/div//div[2], using=xpath}]
Capabilities {acceptInsecureCerts: false, browserName: chrome, browserVersion: 123.0.6312.124, chrome: {chromedriverVersion: 123.0.6312.122 (31f8248cdd9..., userDataDir: C:\WINDOWS\SystemTemp\scope...}, fedcm:accounts: true, goog:chromeOptions: {debuggerAddress: localhost:55810}, networkConnectionEnabled: false, pageLoadStrategy: normal, platformName: windows, proxy: Proxy(), se:cdp: ws://localhost:55810/devtoo..., se:cdpVersion: 123.0.6312.124, setWindowRect: true, strictFileInteractability: false, timeouts: {implicit: 0, pageLoad: 300000, script: 30000}, unhandledPromptBehavior: dismiss and notify, webauthn:extension:credBlob: true, webauthn:extension:largeBlob: true, webauthn:extension:minPinLength: true, webauthn:extension:prf: true, webauthn:virtualAuthenticators: true}
Session ID: 4c2e32acd2176354df3ec3768754b069
	at org.openqa.selenium.remote.ErrorCodec.decode(ErrorCodec.java:167)
	at org.openqa.selenium.remote.codec.w3c.W3CHttpResponseCodec.decode(W3CHttpResponseCodec.java:138)
	at org.openqa.selenium.remote.codec.w3c.W3CHttpResponseCodec.decode(W3CHttpResponseCodec.java:50)
	at org.openqa.selenium.remote.HttpCommandExecutor.execute(HttpCommandExecutor.java:190)
	at org.openqa.selenium.remote.service.DriverCommandExecutor.invokeExecute(DriverCommandExecutor.java:216)
	at org.openqa.selenium.remote.service.DriverCommandExecutor.execute(DriverCommandExecutor.java:174)
	at org.openqa.selenium.remote.RemoteWebDriver.execute(RemoteWebDriver.java:519)
	at org.openqa.selenium.remote.ElementLocation$ElementFinder$2.findElement(ElementLocation.java:165)
	at org.openqa.selenium.remote.ElementLocation.findElement(ElementLocation.java:59)
	at org.openqa.selenium.remote.RemoteWebDriver.findElement(RemoteWebDriver.java:356)
	at org.openqa.selenium.remote.RemoteWebDriver.findElement(RemoteWebDriver.java:350)
	at testCases.TrainTicketsPageTest.TrainTicketPage_liveTrainStatusTest(TrainTicketsPageTest.java:99)
	at java.base/java.util.ArrayList.forEach(ArrayList.java:1540)
	at java.base/java.util.concurrent.Executors$RunnableAdapter.call(Executors.java:515)
	at java.base/java.util.concurrent.FutureTask.run(FutureTask.java:264)
	at java.base/java.util.concurrent.ThreadPoolExecutor.runWorker(ThreadPoolExecutor.java:1128)
	at java.base/java.util.concurrent.ThreadPoolExecutor$Worker.run(ThreadPoolExecutor.java:628)
	at java.base/java.lang.Thread.run(Thread.java:834)
... Removed 25 stack frames</div></td></tr></table><p class="totop"><a href="#summary">back to summary</a></p>
<h3 id="m10">testCases.TrainTicketsPageTest#TrainTicketPage_searchTrainResultTest</h3><table class="result"><tr><th class="invisible"/></tr></table><p class="totop"><a href="#summary">back to summary</a></p>
<h2>HelpPageTest</h2><h3 id="m11">testCases.HelpPageTest#HelpPage_helpPageNavigationTest</h3><table class="result"><tr><th class="invisible"/></tr></table><p class="totop"><a href="#summary">back to summary</a></p>
<h2>ShowMyTicketTest</h2><h3 id="m12">testCases.ShowMyTicketPageTest#ShowMyTicketPage_errorMessageOnInvalidTicketTest</h3><table class="result"><tr><th class="invisible"/></tr></table><p class="totop"><a href="#summary">back to summary</a></p>
<h2>CancelTicketTest</h2><h3 id="m13">testCases.CancelTicketPageTest#CancelTicketPage_errorMsgOnInvalidTicketNumberTest</h3><table class="result"><tr><th class="invisible"/></tr></table><p class="totop"><a href="#summary">back to summary</a></p>
<h3 id="m14">testCases.CancelTicketPageTest#CancelTicketPage_pageNavigationTest</h3><table class="result"><tr><th class="invisible"/></tr></table><p class="totop"><a href="#summary">back to summary</a></p>
</body>
</html>
